<?xml version="1.0" encoding="UTF-8"?>
<!-- Generated by org.testng.reporters.JUnitXMLReporter -->
<testsuite ignored="3" hostname="suriya" failures="0" tests="3" name="Test" time="13.359" errors="0" timestamp="2023-12-13T15:07:20 IST">
  <testcase classname="Cars.testCase3" name="kia" time="4.966"/>
  <testcase classname="Bikes.testCase5" name="pulsar" time="4.311"/>
  <testcase classname="Cars.testCase1" name="lamborghini" time="4.006"/>
  <testcase classname="Cars.testCase2" name="audi" time="0.0">
    <ignored/>
  </testcase> <!-- audi -->
  <testcase classname="Bikes.testCase4" name="ktm" time="0.0">
    <ignored/>
  </testcase> <!-- ktm -->
  <testcase classname="Bikes.testCase6" name="ducati" time="0.0">
    <ignored/>
  </testcase> <!-- ducati -->
</testsuite> <!-- Test -->
